Using pre-set license
Built from '2021.3/staging' branch; Version is '2021.3.13f1 (9e7d58001ecf) revision 10386776'; Using compiler version '192829333'; Build Type 'Release'
OS: 'Windows 10  (10.0.19045) 64bit Professional' Language: 'tr' Physical Memory: 16222 MB
BatchMode: 1, IsHumanControllingUs: 0, StartBugReporterOnCrash: 0, Is64bit: 1, IsPro: 1

COMMAND LINE ARGUMENTS:
C:\Program Files\Unity\Hub\Editor\2021.3.13f1\Editor\Unity.exe
-adb2
-batchMode
-noUpm
-name
AssetImportWorker4
-projectPath
C:/Users/Onur Macit/Documents/GitHub/Colorful-Ball-3D/Colorful Ball 3D
-logFile
Logs/AssetImportWorker4.log
-srvPort
57518
Successfully changed project path to: C:/Users/Onur Macit/Documents/GitHub/Colorful-Ball-3D/Colorful Ball 3D
C:/Users/Onur Macit/Documents/GitHub/Colorful-Ball-3D/Colorful Ball 3D
[UnityMemory] Configuration Parameters - Can be set up in boot.config
    "memorysetup-bucket-allocator-granularity=16"
    "memorysetup-bucket-allocator-bucket-count=8"
    "memorysetup-bucket-allocator-block-size=33554432"
    "memorysetup-bucket-allocator-block-count=8"
    "memorysetup-main-allocator-block-size=16777216"
    "memorysetup-thread-allocator-block-size=16777216"
    "memorysetup-gfx-main-allocator-block-size=16777216"
    "memorysetup-gfx-thread-allocator-block-size=16777216"
    "memorysetup-cache-allocator-block-size=4194304"
    "memorysetup-typetree-allocator-block-size=2097152"
    "memorysetup-profiler-bucket-allocator-granularity=16"
    "memorysetup-profiler-bucket-allocator-bucket-count=8"
    "memorysetup-profiler-bucket-allocator-block-size=33554432"
    "memorysetup-profiler-bucket-allocator-block-count=8"
    "memorysetup-profiler-allocator-block-size=16777216"
    "memorysetup-profiler-editor-allocator-block-size=1048576"
    "memorysetup-temp-allocator-size-main=16777216"
    "memorysetup-job-temp-allocator-block-size=2097152"
    "memorysetup-job-temp-allocator-block-size-background=1048576"
    "memorysetup-job-temp-allocator-reduction-small-platforms=262144"
    "memorysetup-temp-allocator-size-background-worker=32768"
    "memorysetup-temp-allocator-size-job-worker=262144"
    "memorysetup-temp-allocator-size-preload-manager=33554432"
    "memorysetup-temp-allocator-size-nav-mesh-worker=65536"
    "memorysetup-temp-allocator-size-audio-worker=65536"
    "memorysetup-temp-allocator-size-cloud-worker=32768"
    "memorysetup-temp-allocator-size-gi-baking-worker=262144"
    "memorysetup-temp-allocator-size-gfx=262144"
Refreshing native plugins compatible for Editor in 75.82 ms, found 3 plugins.
Preloading 0 native plugins for Editor in 0.00 ms.
Initialize engine version: 2021.3.13f1 (9e7d58001ecf)
[Subsystems] Discovering subsystems at path C:/Program Files/Unity/Hub/Editor/2021.3.13f1/Editor/Data/Resources/UnitySubsystems
[Subsystems] Discovering subsystems at path C:/Users/Onur Macit/Documents/GitHub/Colorful-Ball-3D/Colorful Ball 3D/Assets
GfxDevice: creating device client; threaded=0; jobified=0
Direct3D:
    Version:  Direct3D 11.0 [level 11.1]
    Renderer: NVIDIA GeForce GTX 1650 Ti (ID=0x1f95)
    Vendor:   NVIDIA
    VRAM:     3962 MB
    Driver:   31.0.15.1694
Initialize mono
Mono path[0] = 'C:/Program Files/Unity/Hub/Editor/2021.3.13f1/Editor/Data/Managed'
Mono path[1] = 'C:/Program Files/Unity/Hub/Editor/2021.3.13f1/Editor/Data/MonoBleedingEdge/lib/mono/unityjit-win32'
Mono config path = 'C:/Program Files/Unity/Hub/Editor/2021.3.13f1/Editor/Data/MonoBleedingEdge/etc'
Using monoOptions --debugger-agent=transport=dt_socket,embedding=1,server=y,suspend=n,address=127.0.0.1:56368
Begin MonoManager ReloadAssembly
Registering precompiled unity dll's ...
Register platform support module: C:/Program Files/Unity/Hub/Editor/2021.3.13f1/Editor/Data/PlaybackEngines/WebGLSupport/UnityEditor.WebGL.Extensions.dll
Register platform support module: C:/Program Files/Unity/Hub/Editor/2021.3.13f1/Editor/Data/PlaybackEngines/AndroidPlayer/UnityEditor.Android.Extensions.dll
Register platform support module: C:/Program Files/Unity/Hub/Editor/2021.3.13f1/Editor/Data/PlaybackEngines/iOSSupport/UnityEditor.iOS.Extensions.dll
Register platform support module: C:/Program Files/Unity/Hub/Editor/2021.3.13f1/Editor/Data/PlaybackEngines/WindowsStandaloneSupport/UnityEditor.WindowsStandalone.Extensions.dll
Registered in 0.007618 seconds.
Native extension for WindowsStandalone target not found
[usbmuxd] Start listen thread
[usbmuxd] Listen thread started
Native extension for iOS target not found
Native extension for Android target not found
Native extension for WebGL target not found
Refreshing native plugins compatible for Editor in 74.58 ms, found 3 plugins.
Preloading 0 native plugins for Editor in 0.00 ms.
Mono: successfully reloaded assembly
- Completed reload, in  0.594 seconds
Domain Reload Profiling:
	ReloadAssembly (595ms)
		BeginReloadAssembly (64ms)
			ExecutionOrderSort (0ms)
			DisableScriptedObjects (0ms)
			BackupInstance (0ms)
			ReleaseScriptingObjects (0ms)
			CreateAndSetChildDomain (1ms)
		EndReloadAssembly (434ms)
			LoadAssemblies (62ms)
			RebuildTransferFunctionScriptingTraits (0ms)
			SetupTypeCache (99ms)
			ReleaseScriptCaches (0ms)
			RebuildScriptCaches (28ms)
			SetupLoadedEditorAssemblies (263ms)
				LogAssemblyErrors (0ms)
				InitializePlatformSupportModulesInManaged (63ms)
				SetLoadedEditorAssemblies (0ms)
				RefreshPlugins (75ms)
				BeforeProcessingInitializeOnLoad (1ms)
				ProcessInitializeOnLoadAttributes (86ms)
				ProcessInitializeOnLoadMethodAttributes (37ms)
				AfterProcessingInitializeOnLoad (0ms)
				EditorAssembliesLoaded (0ms)
			ExecutionOrderSort2 (0ms)
			AwakeInstancesAfterBackupRestoration (0ms)
Platform modules already initialized, skipping
Registering precompiled user dll's ...
Registered in 0.005921 seconds.
Begin MonoManager ReloadAssembly
Symbol file LoadedFromMemory doesn't match image C:\Users\Onur Macit\Documents\GitHub\Colorful-Ball-3D\Colorful Ball 3D\Library\PackageCache\com.unity.visualscripting@1.7.8\Editor\VisualScripting.Core\Dependencies\YamlDotNet\Unity.VisualScripting.YamlDotNet.dll
Symbol file LoadedFromMemory doesn't match image C:\Users\Onur Macit\Documents\GitHub\Colorful-Ball-3D\Colorful Ball 3D\Library\PackageCache\com.unity.visualscripting@1.7.8\Editor\VisualScripting.Core\Dependencies\DotNetZip\Unity.VisualScripting.IonicZip.dll
Native extension for WindowsStandalone target not found
Native extension for iOS target not found
Native extension for Android target not found
Native extension for WebGL target not found
Refreshing native plugins compatible for Editor in 0.49 ms, found 3 plugins.
Preloading 0 native plugins for Editor in 0.00 ms.
Mono: successfully reloaded assembly
- Completed reload, in  1.081 seconds
Domain Reload Profiling:
	ReloadAssembly (1082ms)
		BeginReloadAssembly (207ms)
			ExecutionOrderSort (0ms)
			DisableScriptedObjects (5ms)
			BackupInstance (0ms)
			ReleaseScriptingObjects (0ms)
			CreateAndSetChildDomain (126ms)
		EndReloadAssembly (763ms)
			LoadAssemblies (73ms)
			RebuildTransferFunctionScriptingTraits (0ms)
			SetupTypeCache (262ms)
			ReleaseScriptCaches (1ms)
			RebuildScriptCaches (47ms)
			SetupLoadedEditorAssemblies (341ms)
				LogAssemblyErrors (0ms)
				InitializePlatformSupportModulesInManaged (25ms)
				SetLoadedEditorAssemblies (0ms)
				RefreshPlugins (1ms)
				BeforeProcessingInitializeOnLoad (84ms)
				ProcessInitializeOnLoadAttributes (197ms)
				ProcessInitializeOnLoadMethodAttributes (28ms)
				AfterProcessingInitializeOnLoad (6ms)
				EditorAssembliesLoaded (0ms)
			ExecutionOrderSort2 (0ms)
			AwakeInstancesAfterBackupRestoration (5ms)
Platform modules already initialized, skipping
========================================================================
Worker process is ready to serve import requests
Launched and connected shader compiler UnityShaderCompiler.exe after 0.03 seconds
Refreshing native plugins compatible for Editor in 0.53 ms, found 3 plugins.
Preloading 0 native plugins for Editor in 0.00 ms.
Unloading 3377 Unused Serialized files (Serialized files now loaded: 0)
Unloading 29 unused Assets / (114.2 KB). Loaded Objects now: 3841.
Memory consumption went from 118.4 MB to 118.3 MB.
Total: 2.670400 ms (FindLiveObjects: 0.243800 ms CreateObjectMapping: 0.176300 ms MarkObjects: 2.135400 ms  DeleteObjects: 0.114300 ms)

AssetImportParameters requested are different than current active one (requested -> active):
  custom:video-decoder-ogg-theora: a1e56fd34408186e4bbccfd4996cb3dc -> 
  custom:container-muxer-webm: aa71ff27fc2769a1b78a27578f13a17b -> 
  custom:container-demuxer-webm: 4f35f7cbe854078d1ac9338744f61a02 -> 
  custom:video-encoder-webm-vp8: eb34c28f22e8b96e1ab97ce403110664 -> 
  custom:audio-encoder-webm-vorbis: bf7c407c2cedff20999df2af8eb42d56 -> 
  custom:framework-win-MediaFoundation: 216162199b28c13a410421893ffa2e32 -> 
  custom:container-demuxer-ogg: 62fdf1f143b41e24485cea50d1cbac27 -> 
  custom:video-decoder-webm-vp8: 9c59270c3fd7afecdb556c50c9e8de78 -> 
  custom:audio-decoder-ogg-vorbis: bf7c407c2cedff20999df2af8eb42d56 -> 
========================================================================
Received Import Request.
  Time since last request: 1803.268863 seconds.
  path: Assets/Textures/Circle.psd
  artifactKey: Guid(e087562479c8a8044bb3d0633452b1cc) Importer(815301076,1909f56bfc062723c751e8b465ee728b)
Start importing Assets/Textures/Circle.psd using Guid(e087562479c8a8044bb3d0633452b1cc) Importer(815301076,1909f56bfc062723c751e8b465ee728b)  -> (artifact id: '4ab5ff8d97788d91007a331818c1a09e') in 0.072649 seconds 
========================================================================
Received Import Request.
  Time since last request: 0.021480 seconds.
  path: Assets/Textures/dollar.png
  artifactKey: Guid(a0511fc6971eff84d83d8292a83c0dba) Importer(815301076,1909f56bfc062723c751e8b465ee728b)
Start importing Assets/Textures/dollar.png using Guid(a0511fc6971eff84d83d8292a83c0dba) Importer(815301076,1909f56bfc062723c751e8b465ee728b)  -> (artifact id: 'ae8cd1fdb24362ec4cd4c11bf803f6c1') in 0.041275 seconds 
========================================================================
Received Import Request.
  Time since last request: 0.039029 seconds.
  path: Assets/Textures/easy-use_2.png
  artifactKey: Guid(2a7605830466b9642b29a8795e5defff) Importer(815301076,1909f56bfc062723c751e8b465ee728b)
Start importing Assets/Textures/easy-use_2.png using Guid(2a7605830466b9642b29a8795e5defff) Importer(815301076,1909f56bfc062723c751e8b465ee728b)  -> (artifact id: 'f6cca4cddb93fcb34f913aa6f26ebd87') in 0.016509 seconds 
========================================================================
Received Import Request.
  Time since last request: 0.029832 seconds.
  path: Assets/Textures/exclamation.png
  artifactKey: Guid(bd74f11c18039424680b4275506eacec) Importer(815301076,1909f56bfc062723c751e8b465ee728b)
Start importing Assets/Textures/exclamation.png using Guid(bd74f11c18039424680b4275506eacec) Importer(815301076,1909f56bfc062723c751e8b465ee728b)  -> (artifact id: '8fd524d512c8fb990a42e809e17e6096') in 0.017635 seconds 
========================================================================
Received Import Request.
  Time since last request: 0.038234 seconds.
  path: Assets/Textures/IAP.png
  artifactKey: Guid(380a869171601c74fabed6eae4e59de3) Importer(815301076,1909f56bfc062723c751e8b465ee728b)
Start importing Assets/Textures/IAP.png using Guid(380a869171601c74fabed6eae4e59de3) Importer(815301076,1909f56bfc062723c751e8b465ee728b)  -> (artifact id: '34725cc2cb3b8bc2004de01ea02e67d7') in 0.012924 seconds 
========================================================================
Received Import Request.
  Time since last request: 0.016485 seconds.
  path: Assets/Textures/Info.png
  artifactKey: Guid(0a5a5f6d86505404b85b49022a0a98dc) Importer(815301076,1909f56bfc062723c751e8b465ee728b)
Start importing Assets/Textures/Info.png using Guid(0a5a5f6d86505404b85b49022a0a98dc) Importer(815301076,1909f56bfc062723c751e8b465ee728b)  -> (artifact id: 'e27ac93b822f363a20352664926a36dd') in 0.012634 seconds 
========================================================================
Received Import Request.
  Time since last request: 0.086872 seconds.
  path: Assets/Textures/noads.png
  artifactKey: Guid(81a5b76f2f0e47c49a837d32e3477555) Importer(815301076,1909f56bfc062723c751e8b465ee728b)
Start importing Assets/Textures/noads.png using Guid(81a5b76f2f0e47c49a837d32e3477555) Importer(815301076,1909f56bfc062723c751e8b465ee728b)  -> (artifact id: '6150ba4e721b3ae8f2b3d9aa32becc7d') in 0.016941 seconds 
========================================================================
Received Import Request.
  Time since last request: 0.323660 seconds.
  path: Assets/Textures/Radial Shine White.png
  artifactKey: Guid(d67f38cc4894d794c8d29d7ea3f79fab) Importer(815301076,1909f56bfc062723c751e8b465ee728b)
Start importing Assets/Textures/Radial Shine White.png using Guid(d67f38cc4894d794c8d29d7ea3f79fab) Importer(815301076,1909f56bfc062723c751e8b465ee728b)  -> (artifact id: '2802b33486e135e4edae7285632045f9') in 0.020753 seconds 
========================================================================
Received Import Request.
  Time since last request: 0.013233 seconds.
  path: Assets/Textures/redline.png
  artifactKey: Guid(00ec39ef579008141abdae06d0dc1aa0) Importer(815301076,1909f56bfc062723c751e8b465ee728b)
Start importing Assets/Textures/redline.png using Guid(00ec39ef579008141abdae06d0dc1aa0) Importer(815301076,1909f56bfc062723c751e8b465ee728b)  -> (artifact id: 'd8a7c46de7b3e5ace3bf37d0652edabb') in 0.015218 seconds 
========================================================================
Received Import Request.
  Time since last request: 0.035128 seconds.
  path: Assets/Textures/Title 11.png
  artifactKey: Guid(320238455978c644db6fb09954c6196d) Importer(815301076,1909f56bfc062723c751e8b465ee728b)
Start importing Assets/Textures/Title 11.png using Guid(320238455978c644db6fb09954c6196d) Importer(815301076,1909f56bfc062723c751e8b465ee728b)  -> (artifact id: '8c09a2bb1f3800c3963addba52b705ef') in 0.019131 seconds 
========================================================================
Received Import Request.
  Time since last request: 51.553675 seconds.
  path: Assets/Textures/Case Day 1.png
  artifactKey: Guid(e87c6bc542382cf4abc0bc86e556cba5) Importer(815301076,1909f56bfc062723c751e8b465ee728b)
Start importing Assets/Textures/Case Day 1.png using Guid(e87c6bc542382cf4abc0bc86e556cba5) Importer(815301076,1909f56bfc062723c751e8b465ee728b)  -> (artifact id: '6bccab108f3a013f2651a6d3474e36f7') in 0.076090 seconds 
========================================================================
Received Import Request.
  Time since last request: 0.000074 seconds.
  path: Assets/Textures/Case Day 2.png
  artifactKey: Guid(c3059ef01673539468c49c288db9f6dc) Importer(815301076,1909f56bfc062723c751e8b465ee728b)
Start importing Assets/Textures/Case Day 2.png using Guid(c3059ef01673539468c49c288db9f6dc) Importer(815301076,1909f56bfc062723c751e8b465ee728b)  -> (artifact id: '48fef91fb95eb12d2fb7b835d589a4fe') in 0.023847 seconds 
========================================================================
Received Import Request.
  Time since last request: 38.591605 seconds.
  path: Assets/Textures/Icon Setting.png
  artifactKey: Guid(f6165614596a27c45a186ab16d2a1a57) Importer(815301076,1909f56bfc062723c751e8b465ee728b)
Start importing Assets/Textures/Icon Setting.png using Guid(f6165614596a27c45a186ab16d2a1a57) Importer(815301076,1909f56bfc062723c751e8b465ee728b)  -> (artifact id: 'fd7d58794354447bd0df952d1c14f231') in 0.026099 seconds 
========================================================================
Received Import Request.
  Time since last request: 0.000028 seconds.
  path: Assets/Textures/Radial Shine White.png
  artifactKey: Guid(d67f38cc4894d794c8d29d7ea3f79fab) Importer(815301076,1909f56bfc062723c751e8b465ee728b)
Start importing Assets/Textures/Radial Shine White.png using Guid(d67f38cc4894d794c8d29d7ea3f79fab) Importer(815301076,1909f56bfc062723c751e8b465ee728b)  -> (artifact id: '38db2e0cf96c01b5b09bd0aff33cebaa') in 0.050471 seconds 
========================================================================
Received Import Request.
  Time since last request: 0.000033 seconds.
  path: Assets/Textures/shopping-cart.png
  artifactKey: Guid(876a1fa425fd14e4598ad06e3a4f181b) Importer(815301076,1909f56bfc062723c751e8b465ee728b)
Start importing Assets/Textures/shopping-cart.png using Guid(876a1fa425fd14e4598ad06e3a4f181b) Importer(815301076,1909f56bfc062723c751e8b465ee728b)  -> (artifact id: '87ae1ab580cff75f1fa6b35bd4d380a5') in 0.034290 seconds 
========================================================================
Received Import Request.
  Time since last request: 0.000040 seconds.
  path: Assets/Textures/redline.png
  artifactKey: Guid(00ec39ef579008141abdae06d0dc1aa0) Importer(815301076,1909f56bfc062723c751e8b465ee728b)
Start importing Assets/Textures/redline.png using Guid(00ec39ef579008141abdae06d0dc1aa0) Importer(815301076,1909f56bfc062723c751e8b465ee728b)  -> (artifact id: '77b41b6e19ceadc89f04f5b224cad8f0') in 0.028702 seconds 
========================================================================
Received Import Request.
  Time since last request: 0.000032 seconds.
  path: Assets/Textures/video-ad.png
  artifactKey: Guid(7c394d3e934078148b332be00342c94d) Importer(815301076,1909f56bfc062723c751e8b465ee728b)
Start importing Assets/Textures/video-ad.png using Guid(7c394d3e934078148b332be00342c94d) Importer(815301076,1909f56bfc062723c751e8b465ee728b)  -> (artifact id: '7fdb9d4c958c005c6456316575f00858') in 0.025505 seconds 
========================================================================
Received Import Request.
  Time since last request: 1.328911 seconds.
  path: Assets/Textures/Haptic.png
  artifactKey: Guid(75ef59e5fbd4cb84f8d5daf4ba8703ff) Importer(815301076,1909f56bfc062723c751e8b465ee728b)
Start importing Assets/Textures/Haptic.png using Guid(75ef59e5fbd4cb84f8d5daf4ba8703ff) Importer(815301076,1909f56bfc062723c751e8b465ee728b)  -> (artifact id: '4d91b0525e86d6daf01632573536595d') in 0.015510 seconds 
========================================================================
Received Import Request.
  Time since last request: 0.205077 seconds.
  path: Assets/Textures/easy-use_3.png
  artifactKey: Guid(24e0d0c6ade3a5b4b9a3b8ecee3992ca) Importer(815301076,1909f56bfc062723c751e8b465ee728b)
Start importing Assets/Textures/easy-use_3.png using Guid(24e0d0c6ade3a5b4b9a3b8ecee3992ca) Importer(815301076,1909f56bfc062723c751e8b465ee728b)  -> (artifact id: '05819236bbfdce85f6419c55a9a51971') in 0.024914 seconds 
========================================================================
Received Import Request.
  Time since last request: 0.137457 seconds.
  path: Assets/Textures/easy-use.png
  artifactKey: Guid(a3bd0bb7a4731e449916fad4bcad6fac) Importer(815301076,1909f56bfc062723c751e8b465ee728b)
Start importing Assets/Textures/easy-use.png using Guid(a3bd0bb7a4731e449916fad4bcad6fac) Importer(815301076,1909f56bfc062723c751e8b465ee728b)  -> (artifact id: '0a73e70671d5b399a37c48768e7f5c7f') in 0.026013 seconds 
========================================================================
Received Import Request.
  Time since last request: 0.063686 seconds.
  path: Assets/Textures/Circle.psd
  artifactKey: Guid(e087562479c8a8044bb3d0633452b1cc) Importer(815301076,1909f56bfc062723c751e8b465ee728b)
Start importing Assets/Textures/Circle.psd using Guid(e087562479c8a8044bb3d0633452b1cc) Importer(815301076,1909f56bfc062723c751e8b465ee728b)  -> (artifact id: 'f57aa6468357630f6ca4fc5ee874131d') in 0.014534 seconds 
========================================================================
Received Import Request.
  Time since last request: 17571.297056 seconds.
  path: Assets/Resources/DOTweenSettings.asset
  artifactKey: Guid(fc6ebbed3167385489c72805b89145d8) Importer(815301076,1909f56bfc062723c751e8b465ee728b)
Start importing Assets/Resources/DOTweenSettings.asset using Guid(fc6ebbed3167385489c72805b89145d8) Importer(815301076,1909f56bfc062723c751e8b465ee728b)  -> (artifact id: '7f8a48438cc53cba57bf7bd2895246ea') in 0.021568 seconds 
========================================================================
Received Import Request.
  Time since last request: 360.748201 seconds.
  path: Assets/Textures/Background Icon Setting.png
  artifactKey: Guid(46809e22ad1924145b30f016c513e3b4) Importer(815301076,1909f56bfc062723c751e8b465ee728b)
Start importing Assets/Textures/Background Icon Setting.png using Guid(46809e22ad1924145b30f016c513e3b4) Importer(815301076,1909f56bfc062723c751e8b465ee728b)  -> (artifact id: '741480be3abb215d4b36aaa5dd35f188') in 0.034384 seconds 
========================================================================
Received Import Request.
  Time since last request: 15.878490 seconds.
  path: Assets/Textures/Background Icon Setting.png
  artifactKey: Guid(46809e22ad1924145b30f016c513e3b4) Importer(815301076,1909f56bfc062723c751e8b465ee728b)
Start importing Assets/Textures/Background Icon Setting.png using Guid(46809e22ad1924145b30f016c513e3b4) Importer(815301076,1909f56bfc062723c751e8b465ee728b)  -> (artifact id: '04611d6f24551a84b3fc57e2562398da') in 0.021569 seconds 
========================================================================
Received Import Request.
  Time since last request: 13264.736278 seconds.
  path: Assets/Animations
  artifactKey: Guid(ee0de59f1cdd1ed44bd16ee4a3c9884f) Importer(815301076,1909f56bfc062723c751e8b465ee728b)
Start importing Assets/Animations using Guid(ee0de59f1cdd1ed44bd16ee4a3c9884f) Importer(815301076,1909f56bfc062723c751e8b465ee728b)  -> (artifact id: '00a39c01bae81559ec7d4f41e8b8bdba') in 0.009052 seconds 
========================================================================
Received Import Request.
  Time since last request: 138.606314 seconds.
  path: Assets/Animations/settings.anim
  artifactKey: Guid(05ba2d5d537c1ad4cba511a434fbea8d) Importer(815301076,1909f56bfc062723c751e8b465ee728b)
Start importing Assets/Animations/settings.anim using Guid(05ba2d5d537c1ad4cba511a434fbea8d) Importer(815301076,1909f56bfc062723c751e8b465ee728b)  -> (artifact id: '06ba09a1d58d8384c632b8f612922351') in 0.023474 seconds 
========================================================================
Received Import Request.
  Time since last request: 96.213799 seconds.
  path: Assets/Animations/layoutGroup.controller
  artifactKey: Guid(89ada958dd28e2048b93e8c9c3a646d3) Importer(815301076,1909f56bfc062723c751e8b465ee728b)
Start importing Assets/Animations/layoutGroup.controller using Guid(89ada958dd28e2048b93e8c9c3a646d3) Importer(815301076,1909f56bfc062723c751e8b465ee728b)  -> (artifact id: '8834af8d0c170d09794566eb4e8137af') in 0.023471 seconds 
========================================================================
Received Import Request.
  Time since last request: 30.925112 seconds.
  path: Assets/Animations/se.anim
  artifactKey: Guid(a760fa307b4dcf1479bd3fabb5f3d797) Importer(815301076,1909f56bfc062723c751e8b465ee728b)
Start importing Assets/Animations/se.anim using Guid(a760fa307b4dcf1479bd3fabb5f3d797) Importer(815301076,1909f56bfc062723c751e8b465ee728b)  -> (artifact id: '67ca38cee0dd457400094d4f61686cee') in 0.009181 seconds 
========================================================================
Received Import Request.
  Time since last request: 6.312811 seconds.
  path: Assets/Animations/settings_off.anim
  artifactKey: Guid(a760fa307b4dcf1479bd3fabb5f3d797) Importer(815301076,1909f56bfc062723c751e8b465ee728b)
Start importing Assets/Animations/settings_off.anim using Guid(a760fa307b4dcf1479bd3fabb5f3d797) Importer(815301076,1909f56bfc062723c751e8b465ee728b)  -> (artifact id: '73e09d6c3341a35b3a4f35ecb361c589') in 0.008330 seconds 
========================================================================
Received Import Request.
  Time since last request: 51.706128 seconds.
  path: Assets/Animations/layoutGroup.controller
  artifactKey: Guid(89ada958dd28e2048b93e8c9c3a646d3) Importer(815301076,1909f56bfc062723c751e8b465ee728b)
Start importing Assets/Animations/layoutGroup.controller using Guid(89ada958dd28e2048b93e8c9c3a646d3) Importer(815301076,1909f56bfc062723c751e8b465ee728b)  -> (artifact id: '59583d6593b9ed0fc4cbab581b9b903e') in 0.004716 seconds 
========================================================================
Received Import Request.
  Time since last request: 162.976737 seconds.
  path: Assets/Animations/settings_close.anim
  artifactKey: Guid(ab2b893698627a54e981925239d7d9b0) Importer(815301076,1909f56bfc062723c751e8b465ee728b)
Start importing Assets/Animations/settings_close.anim using Guid(ab2b893698627a54e981925239d7d9b0) Importer(815301076,1909f56bfc062723c751e8b465ee728b)  -> (artifact id: '03592bd3839c457096f378456a210512') in 0.013100 seconds 
========================================================================
Received Import Request.
  Time since last request: 418.607403 seconds.
  path: Assets/Scripts/UIManager.cs
  artifactKey: Guid(2ec71200652d2e34496532cd5cc235bb) Importer(815301076,1909f56bfc062723c751e8b465ee728b)
Start importing Assets/Scripts/UIManager.cs using Guid(2ec71200652d2e34496532cd5cc235bb) Importer(815301076,1909f56bfc062723c751e8b465ee728b)  -> (artifact id: 'e23b0ae666fc754e68d4ad79dd51a457') in 0.018000 seconds 
========================================================================
Received Prepare
Registering precompiled user dll's ...
Registered in 0.006759 seconds.
Begin MonoManager ReloadAssembly
Symbol file LoadedFromMemory doesn't match image C:\Users\Onur Macit\Documents\GitHub\Colorful-Ball-3D\Colorful Ball 3D\Library\PackageCache\com.unity.visualscripting@1.7.8\Editor\VisualScripting.Core\Dependencies\YamlDotNet\Unity.VisualScripting.YamlDotNet.dll
Symbol file LoadedFromMemory doesn't match image C:\Users\Onur Macit\Documents\GitHub\Colorful-Ball-3D\Colorful Ball 3D\Library\PackageCache\com.unity.visualscripting@1.7.8\Editor\VisualScripting.Core\Dependencies\DotNetZip\Unity.VisualScripting.IonicZip.dll
Native extension for WindowsStandalone target not found
Native extension for iOS target not found
Native extension for Android target not found
Native extension for WebGL target not found
Refreshing native plugins compatible for Editor in 0.70 ms, found 3 plugins.
Preloading 0 native plugins for Editor in 0.00 ms.
Mono: successfully reloaded assembly
- Completed reload, in  1.284 seconds
Domain Reload Profiling:
	ReloadAssembly (1285ms)
		BeginReloadAssembly (282ms)
			ExecutionOrderSort (0ms)
			DisableScriptedObjects (13ms)
			BackupInstance (0ms)
			ReleaseScriptingObjects (0ms)
			CreateAndSetChildDomain (105ms)
		EndReloadAssembly (865ms)
			LoadAssemblies (135ms)
			RebuildTransferFunctionScriptingTraits (0ms)
			SetupTypeCache (320ms)
			ReleaseScriptCaches (1ms)
			RebuildScriptCaches (41ms)
			SetupLoadedEditorAssemblies (354ms)
				LogAssemblyErrors (0ms)
				InitializePlatformSupportModulesInManaged (36ms)
				SetLoadedEditorAssemblies (1ms)
				RefreshPlugins (1ms)
				BeforeProcessingInitializeOnLoad (70ms)
				ProcessInitializeOnLoadAttributes (207ms)
				ProcessInitializeOnLoadMethodAttributes (32ms)
				AfterProcessingInitializeOnLoad (7ms)
				EditorAssembliesLoaded (0ms)
			ExecutionOrderSort2 (0ms)
			AwakeInstancesAfterBackupRestoration (6ms)
Platform modules already initialized, skipping
Refreshing native plugins compatible for Editor in 2.30 ms, found 3 plugins.
Preloading 0 native plugins for Editor in 0.00 ms.
Unloading 3359 Unused Serialized files (Serialized files now loaded: 0)
Unloading 22 unused Assets / (80.6 KB). Loaded Objects now: 3867.
Memory consumption went from 121.5 MB to 121.4 MB.
Total: 3.412100 ms (FindLiveObjects: 0.285500 ms CreateObjectMapping: 0.151600 ms MarkObjects: 2.867300 ms  DeleteObjects: 0.107000 ms)

AssetImportParameters requested are different than current active one (requested -> active):
  custom:video-decoder-ogg-theora: a1e56fd34408186e4bbccfd4996cb3dc -> 
  custom:container-muxer-webm: aa71ff27fc2769a1b78a27578f13a17b -> 
  custom:container-demuxer-webm: 4f35f7cbe854078d1ac9338744f61a02 -> 
  custom:video-encoder-webm-vp8: eb34c28f22e8b96e1ab97ce403110664 -> 
  custom:audio-encoder-webm-vorbis: bf7c407c2cedff20999df2af8eb42d56 -> 
  custom:framework-win-MediaFoundation: 216162199b28c13a410421893ffa2e32 -> 
  custom:container-demuxer-ogg: 62fdf1f143b41e24485cea50d1cbac27 -> 
  custom:video-decoder-webm-vp8: 9c59270c3fd7afecdb556c50c9e8de78 -> 
  custom:audio-decoder-ogg-vorbis: bf7c407c2cedff20999df2af8eb42d56 -> 
========================================================================
Received Prepare
Registering precompiled user dll's ...
Registered in 0.006522 seconds.
Begin MonoManager ReloadAssembly
Symbol file LoadedFromMemory doesn't match image C:\Users\Onur Macit\Documents\GitHub\Colorful-Ball-3D\Colorful Ball 3D\Library\PackageCache\com.unity.visualscripting@1.7.8\Editor\VisualScripting.Core\Dependencies\YamlDotNet\Unity.VisualScripting.YamlDotNet.dll
Symbol file LoadedFromMemory doesn't match image C:\Users\Onur Macit\Documents\GitHub\Colorful-Ball-3D\Colorful Ball 3D\Library\PackageCache\com.unity.visualscripting@1.7.8\Editor\VisualScripting.Core\Dependencies\DotNetZip\Unity.VisualScripting.IonicZip.dll
Native extension for WindowsStandalone target not found
Native extension for iOS target not found
Native extension for Android target not found
Native extension for WebGL target not found
Refreshing native plugins compatible for Editor in 0.64 ms, found 3 plugins.
Preloading 0 native plugins for Editor in 0.00 ms.
Mono: successfully reloaded assembly
- Completed reload, in  1.208 seconds
Domain Reload Profiling:
	ReloadAssembly (1209ms)
		BeginReloadAssembly (163ms)
			ExecutionOrderSort (0ms)
			DisableScriptedObjects (9ms)
			BackupInstance (0ms)
			ReleaseScriptingObjects (0ms)
			CreateAndSetChildDomain (43ms)
		EndReloadAssembly (924ms)
			LoadAssemblies (101ms)
			RebuildTransferFunctionScriptingTraits (0ms)
			SetupTypeCache (364ms)
			ReleaseScriptCaches (2ms)
			RebuildScriptCaches (57ms)
			SetupLoadedEditorAssemblies (349ms)
				LogAssemblyErrors (0ms)
				InitializePlatformSupportModulesInManaged (44ms)
				SetLoadedEditorAssemblies (1ms)
				RefreshPlugins (1ms)
				BeforeProcessingInitializeOnLoad (65ms)
				ProcessInitializeOnLoadAttributes (202ms)
				ProcessInitializeOnLoadMethodAttributes (28ms)
				AfterProcessingInitializeOnLoad (8ms)
				EditorAssembliesLoaded (0ms)
			ExecutionOrderSort2 (0ms)
			AwakeInstancesAfterBackupRestoration (5ms)
Platform modules already initialized, skipping
Refreshing native plugins compatible for Editor in 1.86 ms, found 3 plugins.
Preloading 0 native plugins for Editor in 0.00 ms.
Unloading 3359 Unused Serialized files (Serialized files now loaded: 0)
Unloading 22 unused Assets / (80.6 KB). Loaded Objects now: 3870.
Memory consumption went from 121.5 MB to 121.5 MB.
Total: 2.731000 ms (FindLiveObjects: 0.226600 ms CreateObjectMapping: 0.134100 ms MarkObjects: 2.297400 ms  DeleteObjects: 0.072200 ms)

AssetImportParameters requested are different than current active one (requested -> active):
  custom:video-decoder-ogg-theora: a1e56fd34408186e4bbccfd4996cb3dc -> 
  custom:container-muxer-webm: aa71ff27fc2769a1b78a27578f13a17b -> 
  custom:container-demuxer-webm: 4f35f7cbe854078d1ac9338744f61a02 -> 
  custom:video-encoder-webm-vp8: eb34c28f22e8b96e1ab97ce403110664 -> 
  custom:audio-encoder-webm-vorbis: bf7c407c2cedff20999df2af8eb42d56 -> 
  custom:framework-win-MediaFoundation: 216162199b28c13a410421893ffa2e32 -> 
  custom:container-demuxer-ogg: 62fdf1f143b41e24485cea50d1cbac27 -> 
  custom:video-decoder-webm-vp8: 9c59270c3fd7afecdb556c50c9e8de78 -> 
  custom:audio-decoder-ogg-vorbis: bf7c407c2cedff20999df2af8eb42d56 -> 
========================================================================
Received Prepare
Registering precompiled user dll's ...
Registered in 0.006196 seconds.
Begin MonoManager ReloadAssembly
Symbol file LoadedFromMemory doesn't match image C:\Users\Onur Macit\Documents\GitHub\Colorful-Ball-3D\Colorful Ball 3D\Library\PackageCache\com.unity.visualscripting@1.7.8\Editor\VisualScripting.Core\Dependencies\YamlDotNet\Unity.VisualScripting.YamlDotNet.dll
Symbol file LoadedFromMemory doesn't match image C:\Users\Onur Macit\Documents\GitHub\Colorful-Ball-3D\Colorful Ball 3D\Library\PackageCache\com.unity.visualscripting@1.7.8\Editor\VisualScripting.Core\Dependencies\DotNetZip\Unity.VisualScripting.IonicZip.dll
Native extension for WindowsStandalone target not found
Native extension for iOS target not found
Native extension for Android target not found
Native extension for WebGL target not found
Refreshing native plugins compatible for Editor in 0.66 ms, found 3 plugins.
Preloading 0 native plugins for Editor in 0.00 ms.
Mono: successfully reloaded assembly
- Completed reload, in  1.312 seconds
Domain Reload Profiling:
	ReloadAssembly (1313ms)
		BeginReloadAssembly (194ms)
			ExecutionOrderSort (0ms)
			DisableScriptedObjects (6ms)
			BackupInstance (0ms)
			ReleaseScriptingObjects (0ms)
			CreateAndSetChildDomain (40ms)
		EndReloadAssembly (957ms)
			LoadAssemblies (130ms)
			RebuildTransferFunctionScriptingTraits (0ms)
			SetupTypeCache (319ms)
			ReleaseScriptCaches (1ms)
			RebuildScriptCaches (49ms)
			SetupLoadedEditorAssemblies (445ms)
				LogAssemblyErrors (0ms)
				InitializePlatformSupportModulesInManaged (58ms)
				SetLoadedEditorAssemblies (1ms)
				RefreshPlugins (1ms)
				BeforeProcessingInitializeOnLoad (101ms)
				ProcessInitializeOnLoadAttributes (243ms)
				ProcessInitializeOnLoadMethodAttributes (34ms)
				AfterProcessingInitializeOnLoad (7ms)
				EditorAssembliesLoaded (0ms)
			ExecutionOrderSort2 (0ms)
			AwakeInstancesAfterBackupRestoration (5ms)
Platform modules already initialized, skipping
Refreshing native plugins compatible for Editor in 2.03 ms, found 3 plugins.
Preloading 0 native plugins for Editor in 0.00 ms.
Unloading 3359 Unused Serialized files (Serialized files now loaded: 0)
Unloading 22 unused Assets / (80.6 KB). Loaded Objects now: 3873.
Memory consumption went from 121.5 MB to 121.5 MB.
Total: 3.412200 ms (FindLiveObjects: 0.246400 ms CreateObjectMapping: 0.147400 ms MarkObjects: 2.885200 ms  DeleteObjects: 0.131600 ms)

AssetImportParameters requested are different than current active one (requested -> active):
  custom:video-decoder-ogg-theora: a1e56fd34408186e4bbccfd4996cb3dc -> 
  custom:container-muxer-webm: aa71ff27fc2769a1b78a27578f13a17b -> 
  custom:container-demuxer-webm: 4f35f7cbe854078d1ac9338744f61a02 -> 
  custom:video-encoder-webm-vp8: eb34c28f22e8b96e1ab97ce403110664 -> 
  custom:audio-encoder-webm-vorbis: bf7c407c2cedff20999df2af8eb42d56 -> 
  custom:framework-win-MediaFoundation: 216162199b28c13a410421893ffa2e32 -> 
  custom:container-demuxer-ogg: 62fdf1f143b41e24485cea50d1cbac27 -> 
  custom:video-decoder-webm-vp8: 9c59270c3fd7afecdb556c50c9e8de78 -> 
  custom:audio-decoder-ogg-vorbis: bf7c407c2cedff20999df2af8eb42d56 -> 
========================================================================
Received Prepare
Registering precompiled user dll's ...
Registered in 0.008119 seconds.
Begin MonoManager ReloadAssembly
Symbol file LoadedFromMemory doesn't match image C:\Users\Onur Macit\Documents\GitHub\Colorful-Ball-3D\Colorful Ball 3D\Library\PackageCache\com.unity.visualscripting@1.7.8\Editor\VisualScripting.Core\Dependencies\YamlDotNet\Unity.VisualScripting.YamlDotNet.dll
Symbol file LoadedFromMemory doesn't match image C:\Users\Onur Macit\Documents\GitHub\Colorful-Ball-3D\Colorful Ball 3D\Library\PackageCache\com.unity.visualscripting@1.7.8\Editor\VisualScripting.Core\Dependencies\DotNetZip\Unity.VisualScripting.IonicZip.dll
Native extension for WindowsStandalone target not found
Native extension for iOS target not found
Native extension for Android target not found
Native extension for WebGL target not found
Refreshing native plugins compatible for Editor in 1.25 ms, found 3 plugins.
Preloading 0 native plugins for Editor in 0.00 ms.
Mono: successfully reloaded assembly
- Completed reload, in  1.356 seconds
Domain Reload Profiling:
	ReloadAssembly (1357ms)
		BeginReloadAssembly (161ms)
			ExecutionOrderSort (0ms)
			DisableScriptedObjects (7ms)
			BackupInstance (0ms)
			ReleaseScriptingObjects (0ms)
			CreateAndSetChildDomain (41ms)
		EndReloadAssembly (1077ms)
			LoadAssemblies (107ms)
			RebuildTransferFunctionScriptingTraits (0ms)
			SetupTypeCache (404ms)
			ReleaseScriptCaches (1ms)
			RebuildScriptCaches (55ms)
			SetupLoadedEditorAssemblies (403ms)
				LogAssemblyErrors (0ms)
				InitializePlatformSupportModulesInManaged (48ms)
				SetLoadedEditorAssemblies (1ms)
				RefreshPlugins (1ms)
				BeforeProcessingInitializeOnLoad (86ms)
				ProcessInitializeOnLoadAttributes (216ms)
				ProcessInitializeOnLoadMethodAttributes (38ms)
				AfterProcessingInitializeOnLoad (12ms)
				EditorAssembliesLoaded (0ms)
			ExecutionOrderSort2 (0ms)
			AwakeInstancesAfterBackupRestoration (8ms)
Platform modules already initialized, skipping
Refreshing native plugins compatible for Editor in 2.04 ms, found 3 plugins.
Preloading 0 native plugins for Editor in 0.00 ms.
Unloading 3359 Unused Serialized files (Serialized files now loaded: 0)
Unloading 22 unused Assets / (80.7 KB). Loaded Objects now: 3876.
Memory consumption went from 121.5 MB to 121.5 MB.
Total: 2.696300 ms (FindLiveObjects: 0.330500 ms CreateObjectMapping: 0.193500 ms MarkObjects: 2.091400 ms  DeleteObjects: 0.078600 ms)

AssetImportParameters requested are different than current active one (requested -> active):
  custom:video-decoder-ogg-theora: a1e56fd34408186e4bbccfd4996cb3dc -> 
  custom:container-muxer-webm: aa71ff27fc2769a1b78a27578f13a17b -> 
  custom:container-demuxer-webm: 4f35f7cbe854078d1ac9338744f61a02 -> 
  custom:video-encoder-webm-vp8: eb34c28f22e8b96e1ab97ce403110664 -> 
  custom:audio-encoder-webm-vorbis: bf7c407c2cedff20999df2af8eb42d56 -> 
  custom:framework-win-MediaFoundation: 216162199b28c13a410421893ffa2e32 -> 
  custom:container-demuxer-ogg: 62fdf1f143b41e24485cea50d1cbac27 -> 
  custom:video-decoder-webm-vp8: 9c59270c3fd7afecdb556c50c9e8de78 -> 
  custom:audio-decoder-ogg-vorbis: bf7c407c2cedff20999df2af8eb42d56 -> 
========================================================================
Received Prepare
Registering precompiled user dll's ...
Registered in 0.007530 seconds.
Begin MonoManager ReloadAssembly
Symbol file LoadedFromMemory doesn't match image C:\Users\Onur Macit\Documents\GitHub\Colorful-Ball-3D\Colorful Ball 3D\Library\PackageCache\com.unity.visualscripting@1.7.8\Editor\VisualScripting.Core\Dependencies\YamlDotNet\Unity.VisualScripting.YamlDotNet.dll
Symbol file LoadedFromMemory doesn't match image C:\Users\Onur Macit\Documents\GitHub\Colorful-Ball-3D\Colorful Ball 3D\Library\PackageCache\com.unity.visualscripting@1.7.8\Editor\VisualScripting.Core\Dependencies\DotNetZip\Unity.VisualScripting.IonicZip.dll
Native extension for WindowsStandalone target not found
Native extension for iOS target not found
Native extension for Android target not found
Native extension for WebGL target not found
Refreshing native plugins compatible for Editor in 0.58 ms, found 3 plugins.
Preloading 0 native plugins for Editor in 0.00 ms.
Mono: successfully reloaded assembly
- Completed reload, in  1.178 seconds
Domain Reload Profiling:
	ReloadAssembly (1178ms)
		BeginReloadAssembly (148ms)
			ExecutionOrderSort (0ms)
			DisableScriptedObjects (6ms)
			BackupInstance (0ms)
			ReleaseScriptingObjects (0ms)
			CreateAndSetChildDomain (38ms)
		EndReloadAssembly (903ms)
			LoadAssemblies (92ms)
			RebuildTransferFunctionScriptingTraits (0ms)
			SetupTypeCache (365ms)
			ReleaseScriptCaches (2ms)
			RebuildScriptCaches (57ms)
			SetupLoadedEditorAssemblies (343ms)
				LogAssemblyErrors (0ms)
				InitializePlatformSupportModulesInManaged (36ms)
				SetLoadedEditorAssemblies (1ms)
				RefreshPlugins (1ms)
				BeforeProcessingInitializeOnLoad (75ms)
				ProcessInitializeOnLoadAttributes (195ms)
				ProcessInitializeOnLoadMethodAttributes (29ms)
				AfterProcessingInitializeOnLoad (7ms)
				EditorAssembliesLoaded (0ms)
			ExecutionOrderSort2 (0ms)
			AwakeInstancesAfterBackupRestoration (6ms)
Platform modules already initialized, skipping
Refreshing native plugins compatible for Editor in 2.08 ms, found 3 plugins.
Preloading 0 native plugins for Editor in 0.00 ms.
Unloading 3359 Unused Serialized files (Serialized files now loaded: 0)
Unloading 22 unused Assets / (80.8 KB). Loaded Objects now: 3879.
Memory consumption went from 121.5 MB to 121.4 MB.
Total: 2.802500 ms (FindLiveObjects: 0.280000 ms CreateObjectMapping: 0.281200 ms MarkObjects: 2.090500 ms  DeleteObjects: 0.149800 ms)

AssetImportParameters requested are different than current active one (requested -> active):
  custom:video-decoder-ogg-theora: a1e56fd34408186e4bbccfd4996cb3dc -> 
  custom:container-muxer-webm: aa71ff27fc2769a1b78a27578f13a17b -> 
  custom:container-demuxer-webm: 4f35f7cbe854078d1ac9338744f61a02 -> 
  custom:video-encoder-webm-vp8: eb34c28f22e8b96e1ab97ce403110664 -> 
  custom:audio-encoder-webm-vorbis: bf7c407c2cedff20999df2af8eb42d56 -> 
  custom:framework-win-MediaFoundation: 216162199b28c13a410421893ffa2e32 -> 
  custom:container-demuxer-ogg: 62fdf1f143b41e24485cea50d1cbac27 -> 
  custom:video-decoder-webm-vp8: 9c59270c3fd7afecdb556c50c9e8de78 -> 
  custom:audio-decoder-ogg-vorbis: bf7c407c2cedff20999df2af8eb42d56 -> 
========================================================================
Received Prepare
Registering precompiled user dll's ...
Registered in 0.006289 seconds.
Begin MonoManager ReloadAssembly
Symbol file LoadedFromMemory doesn't match image C:\Users\Onur Macit\Documents\GitHub\Colorful-Ball-3D\Colorful Ball 3D\Library\PackageCache\com.unity.visualscripting@1.7.8\Editor\VisualScripting.Core\Dependencies\YamlDotNet\Unity.VisualScripting.YamlDotNet.dll
Symbol file LoadedFromMemory doesn't match image C:\Users\Onur Macit\Documents\GitHub\Colorful-Ball-3D\Colorful Ball 3D\Library\PackageCache\com.unity.visualscripting@1.7.8\Editor\VisualScripting.Core\Dependencies\DotNetZip\Unity.VisualScripting.IonicZip.dll
Native extension for WindowsStandalone target not found
Native extension for iOS target not found
Native extension for Android target not found
Native extension for WebGL target not found
Refreshing native plugins compatible for Editor in 0.53 ms, found 3 plugins.
Preloading 0 native plugins for Editor in 0.00 ms.
Mono: successfully reloaded assembly
- Completed reload, in  1.097 seconds
Domain Reload Profiling:
	ReloadAssembly (1098ms)
		BeginReloadAssembly (149ms)
			ExecutionOrderSort (0ms)
			DisableScriptedObjects (6ms)
			BackupInstance (0ms)
			ReleaseScriptingObjects (0ms)
			CreateAndSetChildDomain (43ms)
		EndReloadAssembly (838ms)
			LoadAssemblies (106ms)
			RebuildTransferFunctionScriptingTraits (0ms)
			SetupTypeCache (309ms)
			ReleaseScriptCaches (1ms)
			RebuildScriptCaches (45ms)
			SetupLoadedEditorAssemblies (343ms)
				LogAssemblyErrors (0ms)
				InitializePlatformSupportModulesInManaged (32ms)
				SetLoadedEditorAssemblies (0ms)
				RefreshPlugins (1ms)
				BeforeProcessingInitializeOnLoad (72ms)
				ProcessInitializeOnLoadAttributes (198ms)
				ProcessInitializeOnLoadMethodAttributes (32ms)
				AfterProcessingInitializeOnLoad (7ms)
				EditorAssembliesLoaded (0ms)
			ExecutionOrderSort2 (0ms)
			AwakeInstancesAfterBackupRestoration (6ms)
Platform modules already initialized, skipping
Refreshing native plugins compatible for Editor in 2.92 ms, found 3 plugins.
Preloading 0 native plugins for Editor in 0.00 ms.
Unloading 3359 Unused Serialized files (Serialized files now loaded: 0)
Unloading 22 unused Assets / (80.6 KB). Loaded Objects now: 3882.
Memory consumption went from 121.6 MB to 121.5 MB.
Total: 4.904900 ms (FindLiveObjects: 1.114500 ms CreateObjectMapping: 0.482900 ms MarkObjects: 3.170600 ms  DeleteObjects: 0.135600 ms)

AssetImportParameters requested are different than current active one (requested -> active):
  custom:video-decoder-ogg-theora: a1e56fd34408186e4bbccfd4996cb3dc -> 
  custom:container-muxer-webm: aa71ff27fc2769a1b78a27578f13a17b -> 
  custom:container-demuxer-webm: 4f35f7cbe854078d1ac9338744f61a02 -> 
  custom:video-encoder-webm-vp8: eb34c28f22e8b96e1ab97ce403110664 -> 
  custom:audio-encoder-webm-vorbis: bf7c407c2cedff20999df2af8eb42d56 -> 
  custom:framework-win-MediaFoundation: 216162199b28c13a410421893ffa2e32 -> 
  custom:container-demuxer-ogg: 62fdf1f143b41e24485cea50d1cbac27 -> 
  custom:video-decoder-webm-vp8: 9c59270c3fd7afecdb556c50c9e8de78 -> 
  custom:audio-decoder-ogg-vorbis: bf7c407c2cedff20999df2af8eb42d56 -> 
========================================================================
Received Prepare
Registering precompiled user dll's ...
Registered in 0.010055 seconds.
Begin MonoManager ReloadAssembly
Symbol file LoadedFromMemory doesn't match image C:\Users\Onur Macit\Documents\GitHub\Colorful-Ball-3D\Colorful Ball 3D\Library\PackageCache\com.unity.visualscripting@1.7.8\Editor\VisualScripting.Core\Dependencies\YamlDotNet\Unity.VisualScripting.YamlDotNet.dll
Symbol file LoadedFromMemory doesn't match image C:\Users\Onur Macit\Documents\GitHub\Colorful-Ball-3D\Colorful Ball 3D\Library\PackageCache\com.unity.visualscripting@1.7.8\Editor\VisualScripting.Core\Dependencies\DotNetZip\Unity.VisualScripting.IonicZip.dll
Native extension for WindowsStandalone target not found
Native extension for iOS target not found
Native extension for Android target not found
Native extension for WebGL target not found
Refreshing native plugins compatible for Editor in 0.77 ms, found 3 plugins.
Preloading 0 native plugins for Editor in 0.00 ms.
Mono: successfully reloaded assembly
- Completed reload, in  1.127 seconds
Domain Reload Profiling:
	ReloadAssembly (1128ms)
		BeginReloadAssembly (145ms)
			ExecutionOrderSort (0ms)
			DisableScriptedObjects (6ms)
			BackupInstance (0ms)
			ReleaseScriptingObjects (0ms)
			CreateAndSetChildDomain (36ms)
		EndReloadAssembly (853ms)
			LoadAssemblies (94ms)
			RebuildTransferFunctionScriptingTraits (0ms)
			SetupTypeCache (323ms)
			ReleaseScriptCaches (1ms)
			RebuildScriptCaches (48ms)
			SetupLoadedEditorAssemblies (354ms)
				LogAssemblyErrors (0ms)
				InitializePlatformSupportModulesInManaged (32ms)
				SetLoadedEditorAssemblies (0ms)
				RefreshPlugins (1ms)
				BeforeProcessingInitializeOnLoad (69ms)
				ProcessInitializeOnLoadAttributes (211ms)
				ProcessInitializeOnLoadMethodAttributes (30ms)
				AfterProcessingInitializeOnLoad (10ms)
				EditorAssembliesLoaded (0ms)
			ExecutionOrderSort2 (0ms)
			AwakeInstancesAfterBackupRestoration (7ms)
Platform modules already initialized, skipping
Refreshing native plugins compatible for Editor in 2.82 ms, found 3 plugins.
Preloading 0 native plugins for Editor in 0.00 ms.
Unloading 3359 Unused Serialized files (Serialized files now loaded: 0)
Unloading 22 unused Assets / (80.6 KB). Loaded Objects now: 3885.
Memory consumption went from 121.6 MB to 121.5 MB.
Total: 3.626100 ms (FindLiveObjects: 0.373500 ms CreateObjectMapping: 0.279100 ms MarkObjects: 2.851700 ms  DeleteObjects: 0.120700 ms)

AssetImportParameters requested are different than current active one (requested -> active):
  custom:video-decoder-ogg-theora: a1e56fd34408186e4bbccfd4996cb3dc -> 
  custom:container-muxer-webm: aa71ff27fc2769a1b78a27578f13a17b -> 
  custom:container-demuxer-webm: 4f35f7cbe854078d1ac9338744f61a02 -> 
  custom:video-encoder-webm-vp8: eb34c28f22e8b96e1ab97ce403110664 -> 
  custom:audio-encoder-webm-vorbis: bf7c407c2cedff20999df2af8eb42d56 -> 
  custom:framework-win-MediaFoundation: 216162199b28c13a410421893ffa2e32 -> 
  custom:container-demuxer-ogg: 62fdf1f143b41e24485cea50d1cbac27 -> 
  custom:video-decoder-webm-vp8: 9c59270c3fd7afecdb556c50c9e8de78 -> 
  custom:audio-decoder-ogg-vorbis: bf7c407c2cedff20999df2af8eb42d56 -> 
